<?xml version="1.0" encoding="UTF-8"?>
<testsuite name="com.example.blog.BlogApplicationTests" tests="1" skipped="0" failures="0" errors="0" timestamp="2020-10-11T09:53:27" hostname="ChristohersMBP2.modem" time="0.164">
  <properties/>
  <testcase name="contextLoads()" classname="com.example.blog.BlogApplicationTests" time="0.164"/>
  <system-out><![CDATA[20:53:25.852 [Test worker] DEBUG org.springframework.test.context.BootstrapUtils - Instantiating CacheAwareContextLoaderDelegate from class [org.springframework.test.context.cache.DefaultCacheAwareContextLoaderDelegate]
20:53:25.860 [Test worker] DEBUG org.springframework.test.context.BootstrapUtils - Instantiating BootstrapContext using constructor [public org.springframework.test.context.support.DefaultBootstrapContext(java.lang.Class,org.springframework.test.context.CacheAwareContextLoaderDelegate)]
20:53:25.879 [Test worker] DEBUG org.springframework.test.context.BootstrapUtils - Instantiating TestContextBootstrapper for test class [com.example.blog.BlogApplicationTests] from class [org.springframework.boot.test.context.SpringBootTestContextBootstrapper]
20:53:25.889 [Test worker] INFO org.springframework.boot.test.context.SpringBootTestContextBootstrapper - Neither @ContextConfiguration nor @ContextHierarchy found for test class [com.example.blog.BlogApplicationTests], using SpringBootContextLoader
20:53:25.892 [Test worker] DEBUG org.springframework.test.context.support.AbstractContextLoader - Did not detect default resource location for test class [com.example.blog.BlogApplicationTests]: class path resource [com/example/blog/BlogApplicationTests-context.xml] does not exist
20:53:25.892 [Test worker] DEBUG org.springframework.test.context.support.AbstractContextLoader - Did not detect default resource location for test class [com.example.blog.BlogApplicationTests]: class path resource [com/example/blog/BlogApplicationTestsContext.groovy] does not exist
20:53:25.893 [Test worker] INFO org.springframework.test.context.support.AbstractContextLoader - Could not detect default resource locations for test class [com.example.blog.BlogApplicationTests]: no resource found for suffixes {-context.xml, Context.groovy}.
20:53:25.893 [Test worker] INFO org.springframework.test.context.support.AnnotationConfigContextLoaderUtils - Could not detect default configuration classes for test class [com.example.blog.BlogApplicationTests]: BlogApplicationTests does not declare any static, non-private, non-final, nested classes annotated with @Configuration.
20:53:25.919 [Test worker] DEBUG org.springframework.test.context.support.ActiveProfilesUtils - Could not find an 'annotation declaring class' for annotation type [org.springframework.test.context.ActiveProfiles] and class [com.example.blog.BlogApplicationTests]
20:53:25.963 [Test worker] DEBUG org.springframework.context.annotation.ClassPathScanningCandidateComponentProvider - Identified candidate component class: file [/Users/christopherdalziel/Documents/Code/Tut/KotSpringBlog/build/classes/kotlin/main/com/example/blog/BlogApplication.class]
20:53:25.964 [Test worker] INFO org.springframework.boot.test.context.SpringBootTestContextBootstrapper - Found @SpringBootConfiguration com.example.blog.BlogApplication for test class com.example.blog.BlogApplicationTests
20:53:26.020 [Test worker] DEBUG org.springframework.boot.test.context.SpringBootTestContextBootstrapper - @TestExecutionListeners is not present for class [com.example.blog.BlogApplicationTests]: using defaults.
20:53:26.021 [Test worker] INFO org.springframework.boot.test.context.SpringBootTestContextBootstrapper - Loaded default TestExecutionListener class names from location [META-INF/spring.factories]: [org.springframework.boot.test.autoconfigure.restdocs.RestDocsTestExecutionListener, org.springframework.boot.test.autoconfigure.web.client.MockRestServiceServerResetTestExecutionListener, org.springframework.boot.test.autoconfigure.web.servlet.MockMvcPrintOnlyOnFailureTestExecutionListener, org.springframework.boot.test.autoconfigure.web.servlet.WebDriverTestExecutionListener, org.springframework.boot.test.autoconfigure.webservices.client.MockWebServiceServerTestExecutionListener, org.springframework.boot.test.mock.mockito.MockitoTestExecutionListener, org.springframework.boot.test.mock.mockito.ResetMocksTestExecutionListener, org.springframework.test.context.web.ServletTestExecutionListener, org.springframework.test.context.support.DirtiesContextBeforeModesTestExecutionListener, org.springframework.test.context.support.DependencyInjectionTestExecutionListener, org.springframework.test.context.support.DirtiesContextTestExecutionListener, org.springframework.test.context.transaction.TransactionalTestExecutionListener, org.springframework.test.context.jdbc.SqlScriptsTestExecutionListener, org.springframework.test.context.event.EventPublishingTestExecutionListener]
20:53:26.032 [Test worker] INFO org.springframework.boot.test.context.SpringBootTestContextBootstrapper - Using TestExecutionListeners: [org.springframework.test.context.web.ServletTestExecutionListener@731b4e18, org.springframework.test.context.support.DirtiesContextBeforeModesTestExecutionListener@2bd27dcd, org.springframework.boot.test.mock.mockito.MockitoTestExecutionListener@3e13a266, org.springframework.boot.test.autoconfigure.SpringBootDependencyInjectionTestExecutionListener@1fd113a0, org.springframework.test.context.support.DirtiesContextTestExecutionListener@3693e5cc, org.springframework.test.context.transaction.TransactionalTestExecutionListener@e17dac6, org.springframework.test.context.jdbc.SqlScriptsTestExecutionListener@2d3449f0, org.springframework.test.context.event.EventPublishingTestExecutionListener@3a6f13e5, org.springframework.boot.test.autoconfigure.restdocs.RestDocsTestExecutionListener@13fb2ce1, org.springframework.boot.test.autoconfigure.web.client.MockRestServiceServerResetTestExecutionListener@238a05b2, org.springframework.boot.test.autoconfigure.web.servlet.MockMvcPrintOnlyOnFailureTestExecutionListener@2c7ea3fa, org.springframework.boot.test.autoconfigure.web.servlet.WebDriverTestExecutionListener@6ecc6dab, org.springframework.boot.test.autoconfigure.webservices.client.MockWebServiceServerTestExecutionListener@249ad8b7, org.springframework.boot.test.mock.mockito.ResetMocksTestExecutionListener@57cefe03]
20:53:26.035 [Test worker] DEBUG org.springframework.test.context.support.AbstractDirtiesContextTestExecutionListener - Before test class: context [DefaultTestContext@1540951b testClass = BlogApplicationTests, testInstance = [null], testMethod = [null], testException = [null], mergedContextConfiguration = [WebMergedContextConfiguration@34560030 testClass = BlogApplicationTests, locations = '{}', classes = '{class com.example.blog.BlogApplication}', contextInitializerClasses = '[]', activeProfiles = '{}', propertySourceLocations = '{}', propertySourceProperties = '{org.springframework.boot.test.context.SpringBootTestContextBootstrapper=true}', contextCustomizers = set[org.springframework.boot.test.autoconfigure.properties.PropertyMappingContextCustomizer@0, org.springframework.boot.test.autoconfigure.web.servlet.WebDriverContextCustomizerFactory$Customizer@4284585d, org.springframework.boot.test.context.filter.ExcludeFilterContextCustomizer@112c5e8e, org.springframework.boot.test.json.DuplicateJsonObjectContextCustomizerFactory$DuplicateJsonObjectContextCustomizer@19b76e96, org.springframework.boot.test.mock.mockito.MockitoContextCustomizer@0, org.springframework.boot.test.web.client.TestRestTemplateContextCustomizer@4ba56682, org.springframework.boot.test.context.SpringBootTestArgs@1], resourceBasePath = 'src/main/webapp', contextLoader = 'org.springframework.boot.test.context.SpringBootContextLoader', parent = [null]], attributes = map['org.springframework.test.context.web.ServletTestExecutionListener.activateListener' -> true]], class annotated with @DirtiesContext [false] with mode [null].
20:53:26.054 [Test worker] DEBUG org.springframework.test.context.support.TestPropertySourceUtils - Adding inlined properties to environment: {spring.jmx.enabled=false, org.springframework.boot.test.context.SpringBootTestContextBootstrapper=true}

  .   ____          _            __ _ _
 /\\ / ___'_ __ _ _(_)_ __  __ _ \ \ \ \
( ( )\___ | '_ | '_| | '_ \/ _` | \ \ \ \
 \\/  ___)| |_)| | | | | || (_| |  ) ) ) )
  '  |____| .__|_| |_|_| |_\__, | / / / /
 =========|_|==============|___/=/_/_/_/
 :: Spring Boot ::        (v2.3.4.RELEASE)

2020-10-11 20:53:26.190  INFO 7840 --- [    Test worker] com.example.blog.BlogApplicationTests    : Starting BlogApplicationTests on ChristohersMBP2.modem with PID 7840 (started by christopherdalziel in /Users/christopherdalziel/Documents/Code/Tut/KotSpringBlog)
2020-10-11 20:53:26.191  INFO 7840 --- [    Test worker] com.example.blog.BlogApplicationTests    : No active profile set, falling back to default profiles: default
2020-10-11 20:53:26.586  INFO 7840 --- [    Test worker] .s.d.r.c.RepositoryConfigurationDelegate : Bootstrapping Spring Data JPA repositories in DEFERRED mode.
2020-10-11 20:53:26.600  INFO 7840 --- [    Test worker] .s.d.r.c.RepositoryConfigurationDelegate : Finished Spring Data repository scanning in 8ms. Found 0 JPA repository interfaces.
2020-10-11 20:53:26.941  INFO 7840 --- [    Test worker] o.s.s.concurrent.ThreadPoolTaskExecutor  : Initializing ExecutorService 'applicationTaskExecutor'
2020-10-11 20:53:26.950  INFO 7840 --- [    Test worker] com.zaxxer.hikari.HikariDataSource       : HikariPool-1 - Starting...
2020-10-11 20:53:27.059  INFO 7840 --- [    Test worker] com.zaxxer.hikari.HikariDataSource       : HikariPool-1 - Start completed.
2020-10-11 20:53:27.106  INFO 7840 --- [         task-1] o.hibernate.jpa.internal.util.LogHelper  : HHH000204: Processing PersistenceUnitInfo [name: default]
2020-10-11 20:53:27.139  INFO 7840 --- [         task-1] org.hibernate.Version                    : HHH000412: Hibernate ORM core version 5.4.21.Final
2020-10-11 20:53:27.233  WARN 7840 --- [    Test worker] JpaBaseConfiguration$JpaWebConfiguration : spring.jpa.open-in-view is enabled by default. Therefore, database queries may be performed during view rendering. Explicitly configure spring.jpa.open-in-view to disable this warning
2020-10-11 20:53:27.238  INFO 7840 --- [         task-1] o.hibernate.annotations.common.Version   : HCANN000001: Hibernate Commons Annotations {5.1.0.Final}
2020-10-11 20:53:27.319  INFO 7840 --- [         task-1] org.hibernate.dialect.Dialect            : HHH000400: Using dialect: org.hibernate.dialect.H2Dialect
2020-10-11 20:53:27.465  INFO 7840 --- [         task-1] o.h.e.t.j.p.i.JtaPlatformInitiator       : HHH000490: Using JtaPlatform implementation: [org.hibernate.engine.transaction.jta.platform.internal.NoJtaPlatform]
2020-10-11 20:53:27.471  INFO 7840 --- [         task-1] j.LocalContainerEntityManagerFactoryBean : Initialized JPA EntityManagerFactory for persistence unit 'default'
2020-10-11 20:53:27.592  INFO 7840 --- [    Test worker] DeferredRepositoryInitializationListener : Triggering deferred initialization of Spring Data repositories…
2020-10-11 20:53:27.592  INFO 7840 --- [    Test worker] DeferredRepositoryInitializationListener : Spring Data repositories initialized!
2020-10-11 20:53:27.599  INFO 7840 --- [    Test worker] com.example.blog.BlogApplicationTests    : Started BlogApplicationTests in 1.538 seconds (JVM running for 2.22)
]]></system-out>
  <system-err><![CDATA[]]></system-err>
</testsuite>
